Using pre-set license
Built from '2020.3/staging' branch; Version is '2020.3.21f1 (a38c86f6690f) revision 10718342'; Using compiler version '192528614'; Build Type 'Release'
OS: 'Windows 10 Home Single Language; OS build 19042.1288; Version 2009; 64bit' Language: 'en' Physical Memory: 16174 MB
BatchMode: 1, IsHumanControllingUs: 0, StartBugReporterOnCrash: 0, Is64bit: 1, IsPro: 0

COMMAND LINE ARGUMENTS:
C:\Program Files\Unity\Hub\Editor\2020.3.21f1\Editor\Unity.exe
-adb2
-batchMode
-noUpm
-name
AssetImportWorker0
-projectPath
C:/Users/game_/OneDrive/Desktop/PetMee
-logFile
Logs/AssetImportWorker0.log
-srvPort
53001
Successfully changed project path to: C:/Users/game_/OneDrive/Desktop/PetMee
C:/Users/game_/OneDrive/Desktop/PetMee
Using Asset Import Pipeline V2.
Refreshing native plugins compatible for Editor in 64.96 ms, found 2 plugins.
Preloading 0 native plugins for Editor in 0.00 ms.
Initialize engine version: 2020.3.21f1 (a38c86f6690f)
[Subsystems] Discovering subsystems at path C:/Program Files/Unity/Hub/Editor/2020.3.21f1/Editor/Data/Resources/UnitySubsystems
[Subsystems] Discovering subsystems at path C:/Users/game_/OneDrive/Desktop/PetMee/Assets
GfxDevice: creating device client; threaded=0
Direct3D:
    Version:  Direct3D 11.0 [level 11.1]
    Renderer: NVIDIA GeForce RTX 2070 with Max-Q Design (ID=0x1f10)
    Vendor:   
    VRAM:     8031 MB
    Driver:   30.0.14.7135
Initialize mono
Mono path[0] = 'C:/Program Files/Unity/Hub/Editor/2020.3.21f1/Editor/Data/Managed'
Mono path[1] = 'C:/Program Files/Unity/Hub/Editor/2020.3.21f1/Editor/Data/MonoBleedingEdge/lib/mono/unityjit'
Mono config path = 'C:/Program Files/Unity/Hub/Editor/2020.3.21f1/Editor/Data/MonoBleedingEdge/etc'
Using monoOptions --debugger-agent=transport=dt_socket,embedding=1,server=y,suspend=n,address=127.0.0.1:56604
Begin MonoManager ReloadAssembly
Registering precompiled unity dll's ...
Register platform support module: C:/Program Files/Unity/Hub/Editor/2020.3.21f1/Editor/Data/PlaybackEngines/WindowsStandaloneSupport/UnityEditor.WindowsStandalone.Extensions.dll
Registered in 0.005213 seconds.
Native extension for WindowsStandalone target not found
Refreshing native plugins compatible for Editor in 59.63 ms, found 2 plugins.
Preloading 0 native plugins for Editor in 0.00 ms.
Mono: successfully reloaded assembly
- Completed reload, in  3.031 seconds
Domain Reload Profiling:
	ReloadAssembly (3031ms)
		BeginReloadAssembly (120ms)
			ExecutionOrderSort (0ms)
			DisableScriptedObjects (0ms)
			BackupInstance (0ms)
			ReleaseScriptingObjects (0ms)
			CreateAndSetChildDomain (1ms)
		EndReloadAssembly (823ms)
			LoadAssemblies (115ms)
			RebuildTransferFunctionScriptingTraits (0ms)
			SetupTypeCache (280ms)
			ReleaseScriptCaches (0ms)
			RebuildScriptCaches (62ms)
			SetupLoadedEditorAssemblies (294ms)
				LogAssemblyErrors (0ms)
				InitializePlatformSupportModulesInManaged (7ms)
				SetLoadedEditorAssemblies (0ms)
				RefreshPlugins (60ms)
				BeforeProcessingInitializeOnLoad (23ms)
				ProcessInitializeOnLoadAttributes (150ms)
				ProcessInitializeOnLoadMethodAttributes (53ms)
				AfterProcessingInitializeOnLoad (0ms)
				EditorAssembliesLoaded (0ms)
			ExecutionOrderSort2 (0ms)
			AwakeInstancesAfterBackupRestoration (0ms)
Platform modules already initialized, skipping
Registering precompiled user dll's ...
Registered in 0.016375 seconds.
Begin MonoManager ReloadAssembly
Native extension for WindowsStandalone target not found
Refreshing native plugins compatible for Editor in 0.51 ms, found 2 plugins.
Preloading 0 native plugins for Editor in 0.00 ms.
Mono: successfully reloaded assembly
- Completed reload, in  1.935 seconds
Domain Reload Profiling:
	ReloadAssembly (1937ms)
		BeginReloadAssembly (285ms)
			ExecutionOrderSort (0ms)
			DisableScriptedObjects (8ms)
			BackupInstance (0ms)
			ReleaseScriptingObjects (0ms)
			CreateAndSetChildDomain (32ms)
		EndReloadAssembly (1528ms)
			LoadAssemblies (181ms)
			RebuildTransferFunctionScriptingTraits (0ms)
			SetupTypeCache (523ms)
			ReleaseScriptCaches (1ms)
			RebuildScriptCaches (80ms)
			SetupLoadedEditorAssemblies (572ms)
				LogAssemblyErrors (0ms)
				InitializePlatformSupportModulesInManaged (9ms)
				SetLoadedEditorAssemblies (2ms)
				RefreshPlugins (1ms)
				BeforeProcessingInitializeOnLoad (171ms)
				ProcessInitializeOnLoadAttributes (354ms)
				ProcessInitializeOnLoadMethodAttributes (17ms)
				AfterProcessingInitializeOnLoad (18ms)
				EditorAssembliesLoaded (0ms)
			ExecutionOrderSort2 (0ms)
			AwakeInstancesAfterBackupRestoration (12ms)
Platform modules already initialized, skipping
========================================================================
Worker process is ready to serve import requests
Launched and connected shader compiler UnityShaderCompiler.exe after 0.16 seconds
Refreshing native plugins compatible for Editor in 0.50 ms, found 2 plugins.
Preloading 0 native plugins for Editor in 0.00 ms.
Unloading 1514 Unused Serialized files (Serialized files now loaded: 0)
System memory in use before: 68.9 MB.
System memory in use after: 68.9 MB.

Unloading 21 unused Assets to reduce memory usage. Loaded Objects now: 1946.
Total: 5.018100 ms (FindLiveObjects: 0.224800 ms CreateObjectMapping: 0.079900 ms MarkObjects: 4.617300 ms  DeleteObjects: 0.093900 ms)

AssetImportParameters requested are different than current active one (requested -> active):
  custom:framework-win-MediaFoundation: 216162199b28c13a410421893ffa2e32 -> 
  custom:video-decoder-ogg-theora: a1e56fd34408186e4bbccfd4996cb3dc -> 
  custom:container-muxer-webm: aa71ff27fc2769a1b78a27578f13a17b -> 
  custom:container-demuxer-webm: 4f35f7cbe854078d1ac9338744f61a02 -> 
  custom:container-demuxer-ogg: 62fdf1f143b41e24485cea50d1cbac27 -> 
  custom:video-encoder-webm-vp8: eb34c28f22e8b96e1ab97ce403110664 -> 
  custom:video-codec-MediaFoundation-h265: 746d11721c4dcdbdad8f713fa42b33f4 -> 
  custom:video-decoder-webm-vp8: 9c59270c3fd7afecdb556c50c9e8de78 -> 
  custom:audio-decoder-ogg-vorbis: bf7c407c2cedff20999df2af8eb42d56 -> 
  custom:audio-encoder-webm-vorbis: bf7c407c2cedff20999df2af8eb42d56 -> 
========================================================================
Received Import Request.
  path: Assets/Scenes/ss.unity
  artifactKey: Guid(c9047375de0c4cd4ea2cd6222387cc57) Importer(815301076,1909f56bfc062723c751e8b465ee728b)
Start importing Assets/Scenes/ss.unity using Guid(c9047375de0c4cd4ea2cd6222387cc57) Importer(815301076,1909f56bfc062723c751e8b465ee728b)  -> (artifact id: '98932857acb5a0116d4f55183fe036b0') in 0.029026 seconds 
  Import took 0.033444 seconds .

========================================================================
Received Import Request.
  Time since last request: 0.000380 seconds.
  path: Assets/Scenes
  artifactKey: Guid(bb6777ff4a38a484db4c55fa44a3b6a3) Importer(815301076,1909f56bfc062723c751e8b465ee728b)
Start importing Assets/Scenes using Guid(bb6777ff4a38a484db4c55fa44a3b6a3) Importer(815301076,1909f56bfc062723c751e8b465ee728b)  -> (artifact id: '3a41fa2490141c77d60c6b2f44edfdf9') in 0.013784 seconds 
  Import took 0.017578 seconds .

========================================================================
Received Import Request.
  Time since last request: 1400.399901 seconds.
  path: Assets/Script
  artifactKey: Guid(6d126dd9395fb9a4cadac56d193c7583) Importer(815301076,1909f56bfc062723c751e8b465ee728b)
Start importing Assets/Script using Guid(6d126dd9395fb9a4cadac56d193c7583) Importer(815301076,1909f56bfc062723c751e8b465ee728b)  -> (artifact id: '5c3f049d0ac81c90c94daaea5d0e812e') in 0.013399 seconds 
  Import took 0.018248 seconds .

========================================================================
Received Import Request.
  Time since last request: 7.461645 seconds.
  path: Assets/Script/PetStats.cs
  artifactKey: Guid(8ba50f1da1993bd4480362a3ce0bb1f1) Importer(815301076,1909f56bfc062723c751e8b465ee728b)
Start importing Assets/Script/PetStats.cs using Guid(8ba50f1da1993bd4480362a3ce0bb1f1) Importer(815301076,1909f56bfc062723c751e8b465ee728b)  -> (artifact id: '40510ce85e3408bc9ca019de69dc9eee') in 0.085853 seconds 
  Import took 0.090572 seconds .

========================================================================
Received Import Request.
  Time since last request: 5.622377 seconds.
  path: Assets/Script/PetBehavior.BT.txt
  artifactKey: Guid(ea2dab5c34d48094eb73182741de3796) Importer(815301076,1909f56bfc062723c751e8b465ee728b)
Start importing Assets/Script/PetBehavior.BT.txt using Guid(ea2dab5c34d48094eb73182741de3796) Importer(815301076,1909f56bfc062723c751e8b465ee728b)  -> (artifact id: 'f23b28e54805f7e67d08c4a86901a091') in 0.032428 seconds 
  Import took 0.039190 seconds .

========================================================================
Received Import Request.
  Time since last request: 9.281038 seconds.
  path: Assets/Script/PetBehavior.cs
  artifactKey: Guid(c11cb5c9207b9444389a080351b279b7) Importer(815301076,1909f56bfc062723c751e8b465ee728b)
Start importing Assets/Script/PetBehavior.cs using Guid(c11cb5c9207b9444389a080351b279b7) Importer(815301076,1909f56bfc062723c751e8b465ee728b)  -> (artifact id: '8b472b82c7a1109bdf58797cd51f9f57') in 0.022402 seconds 
  Import took 0.026936 seconds .

========================================================================
Received Import Request.
  Time since last request: 3.040181 seconds.
  path: Assets/Script/TestNavMesh.cs
  artifactKey: Guid(e4c1283461f9dfa43859c4f8546544c7) Importer(815301076,1909f56bfc062723c751e8b465ee728b)
Start importing Assets/Script/TestNavMesh.cs using Guid(e4c1283461f9dfa43859c4f8546544c7) Importer(815301076,1909f56bfc062723c751e8b465ee728b)  -> (artifact id: '63b96465c44df826c17d7aaddb391102') in 0.020535 seconds 
  Import took 0.027357 seconds .

========================================================================
Received Import Request.
  Time since last request: 4.219631 seconds.
  path: Assets/Script/fish.cs
  artifactKey: Guid(ab4e232e34cc5944d9e8306f64967ebb) Importer(815301076,1909f56bfc062723c751e8b465ee728b)
Start importing Assets/Script/fish.cs using Guid(ab4e232e34cc5944d9e8306f64967ebb) Importer(815301076,1909f56bfc062723c751e8b465ee728b)  -> (artifact id: '9e99c8a2a171a1f3ffb4847c1073841b') in 0.013098 seconds 
  Import took 0.018578 seconds .

========================================================================
Received Import Request.
  Time since last request: 1135.080816 seconds.
  path: Assets
  artifactKey: Guid(00000000000000001000000000000000) Importer(815301076,1909f56bfc062723c751e8b465ee728b)
Start importing Assets using Guid(00000000000000001000000000000000) Importer(815301076,1909f56bfc062723c751e8b465ee728b)  -> (artifact id: '42d402b061de3733987d63b9cc3b64de') in 0.013269 seconds 
  Import took 0.018239 seconds .

========================================================================
Received Import Request.
  Time since last request: 3.185295 seconds.
  path: Assets/New Folder
  artifactKey: Guid(a0e8a3cfdf25cbb4386f51b11060d660) Importer(815301076,1909f56bfc062723c751e8b465ee728b)
Start importing Assets/New Folder using Guid(a0e8a3cfdf25cbb4386f51b11060d660) Importer(815301076,1909f56bfc062723c751e8b465ee728b)  -> (artifact id: 'a1d956a93e34a97ee61ad3174458ea1f') in 0.011755 seconds 
  Import took 0.016168 seconds .

========================================================================
Received Import Request.
  Time since last request: 2.182139 seconds.
  path: Assets/Sprite
  artifactKey: Guid(a0e8a3cfdf25cbb4386f51b11060d660) Importer(815301076,1909f56bfc062723c751e8b465ee728b)
Start importing Assets/Sprite using Guid(a0e8a3cfdf25cbb4386f51b11060d660) Importer(815301076,1909f56bfc062723c751e8b465ee728b)  -> (artifact id: 'bec518bb35324c9fe36b0f2ce920e892') in 0.012653 seconds 
  Import took 0.017070 seconds .

========================================================================
Received Import Request.
  Time since last request: 33.866048 seconds.
  path: Assets/PandaBehaviour/Examples/03_Shooter/Assets/bullet.prefab
  artifactKey: Guid(348211eeb89b96b41ba4979f7488ca72) Importer(815301076,1909f56bfc062723c751e8b465ee728b)
Start importing Assets/PandaBehaviour/Examples/03_Shooter/Assets/bullet.prefab using Guid(348211eeb89b96b41ba4979f7488ca72) Importer(815301076,1909f56bfc062723c751e8b465ee728b)  -> (artifact id: '2d9cfdd3feedad5a0e25e64093aba69b') in 0.630520 seconds 
  Import took 0.634900 seconds .

========================================================================
Received Import Request.
  Time since last request: 0.000469 seconds.
  path: Assets/PandaBehaviour/Examples/03_Shooter/Assets/UnitExplosion.prefab
  artifactKey: Guid(d28df9b58f170a74691f5569b4ddc0eb) Importer(815301076,1909f56bfc062723c751e8b465ee728b)
Start importing Assets/PandaBehaviour/Examples/03_Shooter/Assets/UnitExplosion.prefab using Guid(d28df9b58f170a74691f5569b4ddc0eb) Importer(815301076,1909f56bfc062723c751e8b465ee728b)  -> (artifact id: '13387f99e7d566cd224286a7ac5240e3') in 0.081829 seconds 
  Import took 0.086155 seconds .

========================================================================
Received Import Request.
  Time since last request: 0.000457 seconds.
  path: Assets/PandaBehaviour/Examples/03_Shooter/Assets/BulletImpact.prefab
  artifactKey: Guid(e0b01fc90bbb0174da53a5ec928afd78) Importer(815301076,1909f56bfc062723c751e8b465ee728b)
Start importing Assets/PandaBehaviour/Examples/03_Shooter/Assets/BulletImpact.prefab using Guid(e0b01fc90bbb0174da53a5ec928afd78) Importer(815301076,1909f56bfc062723c751e8b465ee728b)  -> (artifact id: 'e73496e1abaa898d67744c25c4497167') in 0.026904 seconds 
  Import took 0.031810 seconds .

========================================================================
Received Import Request.
  Time since last request: 0.000539 seconds.
  path: Assets/PandaBehaviour/Examples/03_Shooter/Assets/GunJammed.prefab
  artifactKey: Guid(256fdea239dc0bf4084a01b2ab1516a0) Importer(815301076,1909f56bfc062723c751e8b465ee728b)
Start importing Assets/PandaBehaviour/Examples/03_Shooter/Assets/GunJammed.prefab using Guid(256fdea239dc0bf4084a01b2ab1516a0) Importer(815301076,1909f56bfc062723c751e8b465ee728b)  -> (artifact id: 'ec5d165d49c5c3e404f493f146e5efa3') in 0.028828 seconds 
  Import took 0.033115 seconds .

========================================================================
Received Import Request.
  Time since last request: 0.000446 seconds.
  path: Assets/PandaBehaviour/Examples/03_Shooter/Assets/hunter.prefab
  artifactKey: Guid(a5b8fa18fd9883441aeeb1fa93a4b9ed) Importer(815301076,1909f56bfc062723c751e8b465ee728b)
Start importing Assets/PandaBehaviour/Examples/03_Shooter/Assets/hunter.prefab using Guid(a5b8fa18fd9883441aeeb1fa93a4b9ed) Importer(815301076,1909f56bfc062723c751e8b465ee728b)  -> (artifact id: 'd7841c2fa5e1674ec0557a84067200f7') in 0.189630 seconds 
  Import took 0.194418 seconds .

========================================================================
Received Import Request.
  Time since last request: 0.000377 seconds.
  path: Assets/PandaBehaviour/Examples/03_Shooter/Assets/wall.mat
  artifactKey: Guid(b3748437054b5fc418397075d594cac1) Importer(815301076,1909f56bfc062723c751e8b465ee728b)
Start importing Assets/PandaBehaviour/Examples/03_Shooter/Assets/wall.mat using Guid(b3748437054b5fc418397075d594cac1) Importer(815301076,1909f56bfc062723c751e8b465ee728b)  -> (artifact id: 'acb5846cebff17a045003a1545881df5') in 0.064186 seconds 
  Import took 0.068065 seconds .

========================================================================
Received Import Request.
  Time since last request: 0.000430 seconds.
  path: Assets/PandaBehaviour/Examples/02_PlayTag/Assets/Computer.mat
  artifactKey: Guid(2ba1e206a1197ef419f0ace76e02e5c9) Importer(815301076,1909f56bfc062723c751e8b465ee728b)
Start importing Assets/PandaBehaviour/Examples/02_PlayTag/Assets/Computer.mat using Guid(2ba1e206a1197ef419f0ace76e02e5c9) Importer(815301076,1909f56bfc062723c751e8b465ee728b)  -> (artifact id: '4ddc179c0b83e13e8378dbe6ff219a5e') in 0.026053 seconds 
  Import took 0.029997 seconds .

========================================================================
Received Import Request.
  Time since last request: 0.000491 seconds.
  path: Assets/PandaBehaviour/Examples/03_Shooter/Assets/player.mat
  artifactKey: Guid(a504788772dfd494192372471f26db7a) Importer(815301076,1909f56bfc062723c751e8b465ee728b)
Start importing Assets/PandaBehaviour/Examples/03_Shooter/Assets/player.mat using Guid(a504788772dfd494192372471f26db7a) Importer(815301076,1909f56bfc062723c751e8b465ee728b)  -> (artifact id: '8e80e336f5b1bea7d3b1688da6011876') in 0.026267 seconds 
  Import took 0.030358 seconds .

========================================================================
Received Import Request.
  Time since last request: 0.000478 seconds.
  path: Assets/PandaBehaviour/Examples/03_Shooter/Assets/sniper.mat
  artifactKey: Guid(cc3238e8041099f48a5dd6e7b6f7d9d8) Importer(815301076,1909f56bfc062723c751e8b465ee728b)
Start importing Assets/PandaBehaviour/Examples/03_Shooter/Assets/sniper.mat using Guid(cc3238e8041099f48a5dd6e7b6f7d9d8) Importer(815301076,1909f56bfc062723c751e8b465ee728b)  -> (artifact id: '621873ef74b51eedba6826ca51538289') in 0.028179 seconds 
  Import took 0.032319 seconds .

========================================================================
Received Import Request.
  Time since last request: 0.000383 seconds.
  path: Assets/PandaBehaviour/Examples/03_Shooter/Assets/hunter.mat
  artifactKey: Guid(98faa822103ce254da1e62032eb0ab2b) Importer(815301076,1909f56bfc062723c751e8b465ee728b)
Start importing Assets/PandaBehaviour/Examples/03_Shooter/Assets/hunter.mat using Guid(98faa822103ce254da1e62032eb0ab2b) Importer(815301076,1909f56bfc062723c751e8b465ee728b)  -> (artifact id: 'fc9146ca8764c9136c788585dbab69ed') in 0.028781 seconds 
  Import took 0.033201 seconds .

========================================================================
Received Import Request.
  Time since last request: 0.000377 seconds.
  path: Assets/PandaBehaviour/Examples/02_PlayTag/Assets/Floor.mat
  artifactKey: Guid(0c2b92ae2434afe4ba5f1c097beed5b3) Importer(815301076,1909f56bfc062723c751e8b465ee728b)
Start importing Assets/PandaBehaviour/Examples/02_PlayTag/Assets/Floor.mat using Guid(0c2b92ae2434afe4ba5f1c097beed5b3) Importer(815301076,1909f56bfc062723c751e8b465ee728b)  -> (artifact id: '006011835aa7e14a2d9389c1fe698184') in 0.029399 seconds 
  Import took 0.033704 seconds .

========================================================================
Received Import Request.
  Time since last request: 0.000391 seconds.
  path: Assets/PandaBehaviour/Examples/03_Shooter/Assets/patroller.mat
  artifactKey: Guid(dd05e607c5fdf90438ba0d52ddd471ca) Importer(815301076,1909f56bfc062723c751e8b465ee728b)
Start importing Assets/PandaBehaviour/Examples/03_Shooter/Assets/patroller.mat using Guid(dd05e607c5fdf90438ba0d52ddd471ca) Importer(815301076,1909f56bfc062723c751e8b465ee728b)  -> (artifact id: '235e5c0f146753aee68afc67d316635f') in 0.029417 seconds 
  Import took 0.033867 seconds .

========================================================================
Received Import Request.
  Time since last request: 0.000465 seconds.
  path: Assets/PandaBehaviour/Examples/02_PlayTag/Assets/Player.mat
  artifactKey: Guid(c36f7e1026dfa7d419b05da98222cf08) Importer(815301076,1909f56bfc062723c751e8b465ee728b)
Start importing Assets/PandaBehaviour/Examples/02_PlayTag/Assets/Player.mat using Guid(c36f7e1026dfa7d419b05da98222cf08) Importer(815301076,1909f56bfc062723c751e8b465ee728b)  -> (artifact id: '2aad60f25386075c0314ae1efd490b40') in 0.029465 seconds 
  Import took 0.033963 seconds .

========================================================================
Received Import Request.
  Time since last request: 0.000482 seconds.
  path: Assets/Canaan_Dog_v1_L3.123c82cb7c11-a755-4d19-b1c6-f1fd741dc175/Final.fbx
  artifactKey: Guid(37ba965ef1d4407409ef42b6155928bf) Importer(815301076,1909f56bfc062723c751e8b465ee728b)
Start importing Assets/Canaan_Dog_v1_L3.123c82cb7c11-a755-4d19-b1c6-f1fd741dc175/Final.fbx using Guid(37ba965ef1d4407409ef42b6155928bf) Importer(815301076,1909f56bfc062723c751e8b465ee728b)  -> (artifact id: 'cadee706f75adc687635afa5416ee017') in 0.688518 seconds 
  Import took 0.693729 seconds .

========================================================================
Received Import Request.
  Time since last request: 0.000427 seconds.
  path: Assets/Canaan_Dog_v1_L3.123c82cb7c11-a755-4d19-b1c6-f1fd741dc175/13466_Canaan_Dog_v1_L3.obj
  artifactKey: Guid(19303f6fa2940ff4089353677d8addbc) Importer(815301076,1909f56bfc062723c751e8b465ee728b)
Start importing Assets/Canaan_Dog_v1_L3.123c82cb7c11-a755-4d19-b1c6-f1fd741dc175/13466_Canaan_Dog_v1_L3.obj using Guid(19303f6fa2940ff4089353677d8addbc) Importer(815301076,1909f56bfc062723c751e8b465ee728b)  -> (artifact id: 'cdf94a70227e09c72259df16968fde01') in 0.075747 seconds 
  Import took 0.079731 seconds .

========================================================================
Received Import Request.
  Time since last request: 0.000553 seconds.
  path: Assets/PandaBehaviour/Examples/03_Shooter/Assets/Sniper.prefab
  artifactKey: Guid(849cdc08cad0af44aaedc6ec7dc7b930) Importer(815301076,1909f56bfc062723c751e8b465ee728b)
Start importing Assets/PandaBehaviour/Examples/03_Shooter/Assets/Sniper.prefab using Guid(849cdc08cad0af44aaedc6ec7dc7b930) Importer(815301076,1909f56bfc062723c751e8b465ee728b)  -> (artifact id: 'ad916aab4cb897e62621d5c6a7464deb') in 0.036988 seconds 
  Import took 0.041916 seconds .

========================================================================
Received Import Request.
  Time since last request: 0.000366 seconds.
  path: Assets/PandaBehaviour/Examples/03_Shooter/Assets/ground.mat
  artifactKey: Guid(ccd28e05d4dee044dae7d30997e903ee) Importer(815301076,1909f56bfc062723c751e8b465ee728b)
Start importing Assets/PandaBehaviour/Examples/03_Shooter/Assets/ground.mat using Guid(ccd28e05d4dee044dae7d30997e903ee) Importer(815301076,1909f56bfc062723c751e8b465ee728b)  -> (artifact id: 'eea63be8971ef31b4cff0d28d9bcd4c6') in 0.024635 seconds 
  Import took 0.028857 seconds .

========================================================================
Received Import Request.
  Time since last request: 0.000382 seconds.
  path: Assets/PandaBehaviour/Examples/03_Shooter/Assets/Patroller.prefab
  artifactKey: Guid(0a5301a8d0f289a47a007836481c8778) Importer(815301076,1909f56bfc062723c751e8b465ee728b)
Start importing Assets/PandaBehaviour/Examples/03_Shooter/Assets/Patroller.prefab using Guid(0a5301a8d0f289a47a007836481c8778) Importer(815301076,1909f56bfc062723c751e8b465ee728b)  -> (artifact id: 'f23746243a9c733a61d736d015fb490d') in 0.037233 seconds 
  Import took 0.042133 seconds .

========================================================================
Received Import Request.
  Time since last request: 0.000375 seconds.
  path: Assets/PandaBehaviour/Examples/03_Shooter/Assets/bullet.mat
  artifactKey: Guid(30da2cdacc183004e963790f3c1b2e29) Importer(815301076,1909f56bfc062723c751e8b465ee728b)
Start importing Assets/PandaBehaviour/Examples/03_Shooter/Assets/bullet.mat using Guid(30da2cdacc183004e963790f3c1b2e29) Importer(815301076,1909f56bfc062723c751e8b465ee728b)  -> (artifact id: '191b254a6bb61b2f87b93e17bbfc8592') in 0.026712 seconds 
  Import took 0.030720 seconds .

========================================================================
Received Import Request.
  Time since last request: 3.802119 seconds.
  path: Assets/Canaan_Dog_v1_L3.123c82cb7c11-a755-4d19-b1c6-f1fd741dc175/13466_Canaan_Dog_diff.jpg
  artifactKey: Guid(63760dd6bb702784087f7ae58a70978e) Importer(815301076,1909f56bfc062723c751e8b465ee728b)
Start importing Assets/Canaan_Dog_v1_L3.123c82cb7c11-a755-4d19-b1c6-f1fd741dc175/13466_Canaan_Dog_diff.jpg using Guid(63760dd6bb702784087f7ae58a70978e) Importer(815301076,1909f56bfc062723c751e8b465ee728b)  -> (artifact id: '06561fa0f049dc405a871b924deaade1') in 0.058472 seconds 
  Import took 0.063526 seconds .

========================================================================
Received Import Request.
  Time since last request: 0.000395 seconds.
  path: Assets/Canaan_Dog_v1_L3.123c82cb7c11-a755-4d19-b1c6-f1fd741dc175/Room_Texture.png
  artifactKey: Guid(2be347f29e5a1cb4981d679f95f5e6e5) Importer(815301076,1909f56bfc062723c751e8b465ee728b)
Start importing Assets/Canaan_Dog_v1_L3.123c82cb7c11-a755-4d19-b1c6-f1fd741dc175/Room_Texture.png using Guid(2be347f29e5a1cb4981d679f95f5e6e5) Importer(815301076,1909f56bfc062723c751e8b465ee728b)  -> (artifact id: '1f0ff28066a859a20eebb0b4e99111aa') in 0.026833 seconds 
  Import took 0.031537 seconds .

========================================================================
Received Prepare
Registering precompiled user dll's ...
Registered in 0.015677 seconds.
Begin MonoManager ReloadAssembly
Native extension for WindowsStandalone target not found
Refreshing native plugins compatible for Editor in 0.53 ms, found 2 plugins.
Preloading 0 native plugins for Editor in 0.00 ms.
Mono: successfully reloaded assembly
- Completed reload, in  2.057 seconds
Domain Reload Profiling:
	ReloadAssembly (2058ms)
		BeginReloadAssembly (352ms)
			ExecutionOrderSort (0ms)
			DisableScriptedObjects (14ms)
			BackupInstance (0ms)
			ReleaseScriptingObjects (0ms)
			CreateAndSetChildDomain (167ms)
		EndReloadAssembly (1575ms)
			LoadAssemblies (223ms)
			RebuildTransferFunctionScriptingTraits (0ms)
			SetupTypeCache (533ms)
			ReleaseScriptCaches (1ms)
			RebuildScriptCaches (73ms)
			SetupLoadedEditorAssemblies (583ms)
				LogAssemblyErrors (0ms)
				InitializePlatformSupportModulesInManaged (10ms)
				SetLoadedEditorAssemblies (1ms)
				RefreshPlugins (1ms)
				BeforeProcessingInitializeOnLoad (170ms)
				ProcessInitializeOnLoadAttributes (368ms)
				ProcessInitializeOnLoadMethodAttributes (16ms)
				AfterProcessingInitializeOnLoad (17ms)
				EditorAssembliesLoaded (0ms)
			ExecutionOrderSort2 (0ms)
			AwakeInstancesAfterBackupRestoration (13ms)
Platform modules already initialized, skipping
Refreshing native plugins compatible for Editor in 0.58 ms, found 2 plugins.
Preloading 0 native plugins for Editor in 0.00 ms.
Unloading 1542 Unused Serialized files (Serialized files now loaded: 0)
System memory in use before: 73.5 MB.
System memory in use after: 73.6 MB.

Unloading 19 unused Assets to reduce memory usage. Loaded Objects now: 2029.
Total: 4.966200 ms (FindLiveObjects: 0.209700 ms CreateObjectMapping: 0.080100 ms MarkObjects: 4.599200 ms  DeleteObjects: 0.075600 ms)

AssetImportParameters requested are different than current active one (requested -> active):
  custom:framework-win-MediaFoundation: 216162199b28c13a410421893ffa2e32 -> 
  custom:video-decoder-ogg-theora: a1e56fd34408186e4bbccfd4996cb3dc -> 
  custom:container-muxer-webm: aa71ff27fc2769a1b78a27578f13a17b -> 
  custom:container-demuxer-webm: 4f35f7cbe854078d1ac9338744f61a02 -> 
  custom:container-demuxer-ogg: 62fdf1f143b41e24485cea50d1cbac27 -> 
  custom:video-encoder-webm-vp8: eb34c28f22e8b96e1ab97ce403110664 -> 
  custom:video-codec-MediaFoundation-h265: 746d11721c4dcdbdad8f713fa42b33f4 -> 
  custom:video-decoder-webm-vp8: 9c59270c3fd7afecdb556c50c9e8de78 -> 
  custom:audio-decoder-ogg-vorbis: bf7c407c2cedff20999df2af8eb42d56 -> 
  custom:audio-encoder-webm-vorbis: bf7c407c2cedff20999df2af8eb42d56 -> 
========================================================================
Received Import Request.
  Time since last request: 681.918937 seconds.
  path: Assets/Capsule.png
  artifactKey: Guid(678b236e6cef98941b7657282d7d4b91) Importer(815301076,1909f56bfc062723c751e8b465ee728b)
Start importing Assets/Capsule.png using Guid(678b236e6cef98941b7657282d7d4b91) Importer(815301076,1909f56bfc062723c751e8b465ee728b)  -> (artifact id: '2f5716e9441421f8207bd8df9c0914b2') in 0.101122 seconds 
  Import took 0.105445 seconds .

========================================================================
Received Import Request.
  Time since last request: 55.809590 seconds.
  path: Assets/Square.png
  artifactKey: Guid(360d7e7176c08e74fb7f757b000700ef) Importer(815301076,1909f56bfc062723c751e8b465ee728b)
Start importing Assets/Square.png using Guid(360d7e7176c08e74fb7f757b000700ef) Importer(815301076,1909f56bfc062723c751e8b465ee728b)  -> (artifact id: '7ca5552431778b2d37b3bfb23c105aa9') in 0.033324 seconds 
  Import took 0.037447 seconds .

========================================================================
Received Prepare
Registering precompiled user dll's ...
Registered in 0.019430 seconds.
Begin MonoManager ReloadAssembly
Native extension for WindowsStandalone target not found
Refreshing native plugins compatible for Editor in 1.06 ms, found 2 plugins.
Preloading 0 native plugins for Editor in 0.00 ms.
Mono: successfully reloaded assembly
- Completed reload, in  2.144 seconds
Domain Reload Profiling:
	ReloadAssembly (2145ms)
		BeginReloadAssembly (227ms)
			ExecutionOrderSort (0ms)
			DisableScriptedObjects (8ms)
			BackupInstance (0ms)
			ReleaseScriptingObjects (0ms)
			CreateAndSetChildDomain (60ms)
		EndReloadAssembly (1783ms)
			LoadAssemblies (246ms)
			RebuildTransferFunctionScriptingTraits (0ms)
			SetupTypeCache (685ms)
			ReleaseScriptCaches (1ms)
			RebuildScriptCaches (77ms)
			SetupLoadedEditorAssemblies (589ms)
				LogAssemblyErrors (0ms)
				InitializePlatformSupportModulesInManaged (11ms)
				SetLoadedEditorAssemblies (1ms)
				RefreshPlugins (1ms)
				BeforeProcessingInitializeOnLoad (191ms)
				ProcessInitializeOnLoadAttributes (349ms)
				ProcessInitializeOnLoadMethodAttributes (17ms)
				AfterProcessingInitializeOnLoad (19ms)
				EditorAssembliesLoaded (0ms)
			ExecutionOrderSort2 (0ms)
			AwakeInstancesAfterBackupRestoration (13ms)
Platform modules already initialized, skipping
Refreshing native plugins compatible for Editor in 0.54 ms, found 2 plugins.
Preloading 0 native plugins for Editor in 0.00 ms.
Unloading 1542 Unused Serialized files (Serialized files now loaded: 0)
System memory in use before: 73.5 MB.
System memory in use after: 73.6 MB.

Unloading 16 unused Assets to reduce memory usage. Loaded Objects now: 2035.
Total: 4.876900 ms (FindLiveObjects: 0.225700 ms CreateObjectMapping: 0.088900 ms MarkObjects: 4.530800 ms  DeleteObjects: 0.030000 ms)

AssetImportParameters requested are different than current active one (requested -> active):
  custom:framework-win-MediaFoundation: 216162199b28c13a410421893ffa2e32 -> 
  custom:video-decoder-ogg-theora: a1e56fd34408186e4bbccfd4996cb3dc -> 
  custom:container-muxer-webm: aa71ff27fc2769a1b78a27578f13a17b -> 
  custom:container-demuxer-webm: 4f35f7cbe854078d1ac9338744f61a02 -> 
  custom:container-demuxer-ogg: 62fdf1f143b41e24485cea50d1cbac27 -> 
  custom:video-encoder-webm-vp8: eb34c28f22e8b96e1ab97ce403110664 -> 
  custom:video-codec-MediaFoundation-h265: 746d11721c4dcdbdad8f713fa42b33f4 -> 
  custom:video-decoder-webm-vp8: 9c59270c3fd7afecdb556c50c9e8de78 -> 
  custom:audio-decoder-ogg-vorbis: bf7c407c2cedff20999df2af8eb42d56 -> 
  custom:audio-encoder-webm-vorbis: bf7c407c2cedff20999df2af8eb42d56 -> 
========================================================================
Received Prepare
Registering precompiled user dll's ...
Registered in 0.018262 seconds.
Begin MonoManager ReloadAssembly
Native extension for WindowsStandalone target not found
Refreshing native plugins compatible for Editor in 0.51 ms, found 2 plugins.
Preloading 0 native plugins for Editor in 0.00 ms.
Mono: successfully reloaded assembly
- Completed reload, in  1.840 seconds
Domain Reload Profiling:
	ReloadAssembly (1841ms)
		BeginReloadAssembly (215ms)
			ExecutionOrderSort (0ms)
			DisableScriptedObjects (8ms)
			BackupInstance (0ms)
			ReleaseScriptingObjects (0ms)
			CreateAndSetChildDomain (54ms)
		EndReloadAssembly (1483ms)
			LoadAssemblies (183ms)
			RebuildTransferFunctionScriptingTraits (0ms)
			SetupTypeCache (533ms)
			ReleaseScriptCaches (1ms)
			RebuildScriptCaches (67ms)
			SetupLoadedEditorAssemblies (539ms)
				LogAssemblyErrors (0ms)
				InitializePlatformSupportModulesInManaged (9ms)
				SetLoadedEditorAssemblies (1ms)
				RefreshPlugins (1ms)
				BeforeProcessingInitializeOnLoad (171ms)
				ProcessInitializeOnLoadAttributes (323ms)
				ProcessInitializeOnLoadMethodAttributes (16ms)
				AfterProcessingInitializeOnLoad (17ms)
				EditorAssembliesLoaded (0ms)
			ExecutionOrderSort2 (0ms)
			AwakeInstancesAfterBackupRestoration (13ms)
Platform modules already initialized, skipping
Refreshing native plugins compatible for Editor in 0.54 ms, found 2 plugins.
Preloading 0 native plugins for Editor in 0.00 ms.
Unloading 1542 Unused Serialized files (Serialized files now loaded: 0)
System memory in use before: 73.5 MB.
System memory in use after: 73.7 MB.

Unloading 16 unused Assets to reduce memory usage. Loaded Objects now: 2037.
Total: 5.378800 ms (FindLiveObjects: 0.222500 ms CreateObjectMapping: 0.080500 ms MarkObjects: 5.046200 ms  DeleteObjects: 0.028000 ms)

AssetImportParameters requested are different than current active one (requested -> active):
  custom:framework-win-MediaFoundation: 216162199b28c13a410421893ffa2e32 -> 
  custom:video-decoder-ogg-theora: a1e56fd34408186e4bbccfd4996cb3dc -> 
  custom:container-muxer-webm: aa71ff27fc2769a1b78a27578f13a17b -> 
  custom:container-demuxer-webm: 4f35f7cbe854078d1ac9338744f61a02 -> 
  custom:container-demuxer-ogg: 62fdf1f143b41e24485cea50d1cbac27 -> 
  custom:video-encoder-webm-vp8: eb34c28f22e8b96e1ab97ce403110664 -> 
  custom:video-codec-MediaFoundation-h265: 746d11721c4dcdbdad8f713fa42b33f4 -> 
  custom:video-decoder-webm-vp8: 9c59270c3fd7afecdb556c50c9e8de78 -> 
  custom:audio-decoder-ogg-vorbis: bf7c407c2cedff20999df2af8eb42d56 -> 
  custom:audio-encoder-webm-vorbis: bf7c407c2cedff20999df2af8eb42d56 -> 
========================================================================
Received Import Request.
  Time since last request: 557.762627 seconds.
  path: Assets/Script/StatusUIManager.cs
  artifactKey: Guid(96faa40e48c6eba498043436e66a41ae) Importer(815301076,1909f56bfc062723c751e8b465ee728b)
Start importing Assets/Script/StatusUIManager.cs using Guid(96faa40e48c6eba498043436e66a41ae) Importer(815301076,1909f56bfc062723c751e8b465ee728b)  -> (artifact id: '09adc85a7ffb83ce6a60b449e2e579ab') in 0.017423 seconds 
  Import took 0.024546 seconds .

========================================================================
Received Prepare
Registering precompiled user dll's ...
Registered in 0.015866 seconds.
Begin MonoManager ReloadAssembly
Native extension for WindowsStandalone target not found
Refreshing native plugins compatible for Editor in 0.52 ms, found 2 plugins.
Preloading 0 native plugins for Editor in 0.00 ms.
Mono: successfully reloaded assembly
- Completed reload, in  2.180 seconds
Domain Reload Profiling:
	ReloadAssembly (2180ms)
		BeginReloadAssembly (208ms)
			ExecutionOrderSort (0ms)
			DisableScriptedObjects (11ms)
			BackupInstance (0ms)
			ReleaseScriptingObjects (0ms)
			CreateAndSetChildDomain (56ms)
		EndReloadAssembly (1825ms)
			LoadAssemblies (206ms)
			RebuildTransferFunctionScriptingTraits (0ms)
			SetupTypeCache (537ms)
			ReleaseScriptCaches (1ms)
			RebuildScriptCaches (79ms)
			SetupLoadedEditorAssemblies (768ms)
				LogAssemblyErrors (0ms)
				InitializePlatformSupportModulesInManaged (9ms)
				SetLoadedEditorAssemblies (1ms)
				RefreshPlugins (1ms)
				BeforeProcessingInitializeOnLoad (181ms)
				ProcessInitializeOnLoadAttributes (522ms)
				ProcessInitializeOnLoadMethodAttributes (26ms)
				AfterProcessingInitializeOnLoad (27ms)
				EditorAssembliesLoaded (1ms)
			ExecutionOrderSort2 (0ms)
			AwakeInstancesAfterBackupRestoration (39ms)
Platform modules already initialized, skipping
Refreshing native plugins compatible for Editor in 0.67 ms, found 2 plugins.
Preloading 0 native plugins for Editor in 0.00 ms.
Unloading 1543 Unused Serialized files (Serialized files now loaded: 0)
System memory in use before: 73.6 MB.
System memory in use after: 73.7 MB.

Unloading 16 unused Assets to reduce memory usage. Loaded Objects now: 2040.
Total: 5.380900 ms (FindLiveObjects: 0.284300 ms CreateObjectMapping: 0.120800 ms MarkObjects: 4.927200 ms  DeleteObjects: 0.046400 ms)

AssetImportParameters requested are different than current active one (requested -> active):
  custom:framework-win-MediaFoundation: 216162199b28c13a410421893ffa2e32 -> 
  custom:video-decoder-ogg-theora: a1e56fd34408186e4bbccfd4996cb3dc -> 
  custom:container-muxer-webm: aa71ff27fc2769a1b78a27578f13a17b -> 
  custom:container-demuxer-webm: 4f35f7cbe854078d1ac9338744f61a02 -> 
  custom:container-demuxer-ogg: 62fdf1f143b41e24485cea50d1cbac27 -> 
  custom:video-encoder-webm-vp8: eb34c28f22e8b96e1ab97ce403110664 -> 
  custom:video-codec-MediaFoundation-h265: 746d11721c4dcdbdad8f713fa42b33f4 -> 
  custom:video-decoder-webm-vp8: 9c59270c3fd7afecdb556c50c9e8de78 -> 
  custom:audio-decoder-ogg-vorbis: bf7c407c2cedff20999df2af8eb42d56 -> 
  custom:audio-encoder-webm-vorbis: bf7c407c2cedff20999df2af8eb42d56 -> 
========================================================================
Received Prepare
Registering precompiled user dll's ...
Registered in 0.015583 seconds.
Begin MonoManager ReloadAssembly
Native extension for WindowsStandalone target not found
Refreshing native plugins compatible for Editor in 0.92 ms, found 2 plugins.
Preloading 0 native plugins for Editor in 0.00 ms.
Mono: successfully reloaded assembly
- Completed reload, in  2.119 seconds
Domain Reload Profiling:
	ReloadAssembly (2120ms)
		BeginReloadAssembly (295ms)
			ExecutionOrderSort (0ms)
			DisableScriptedObjects (9ms)
			BackupInstance (0ms)
			ReleaseScriptingObjects (0ms)
			CreateAndSetChildDomain (77ms)
		EndReloadAssembly (1592ms)
			LoadAssemblies (237ms)
			RebuildTransferFunctionScriptingTraits (0ms)
			SetupTypeCache (569ms)
			ReleaseScriptCaches (1ms)
			RebuildScriptCaches (73ms)
			SetupLoadedEditorAssemblies (572ms)
				LogAssemblyErrors (0ms)
				InitializePlatformSupportModulesInManaged (12ms)
				SetLoadedEditorAssemblies (1ms)
				RefreshPlugins (1ms)
				BeforeProcessingInitializeOnLoad (184ms)
				ProcessInitializeOnLoadAttributes (337ms)
				ProcessInitializeOnLoadMethodAttributes (18ms)
				AfterProcessingInitializeOnLoad (18ms)
				EditorAssembliesLoaded (0ms)
			ExecutionOrderSort2 (0ms)
			AwakeInstancesAfterBackupRestoration (13ms)
Platform modules already initialized, skipping
Refreshing native plugins compatible for Editor in 0.57 ms, found 2 plugins.
Preloading 0 native plugins for Editor in 0.00 ms.
Unloading 1543 Unused Serialized files (Serialized files now loaded: 0)
System memory in use before: 73.6 MB.
System memory in use after: 73.7 MB.

Unloading 16 unused Assets to reduce memory usage. Loaded Objects now: 2042.
Total: 5.283300 ms (FindLiveObjects: 0.234400 ms CreateObjectMapping: 0.078800 ms MarkObjects: 4.937300 ms  DeleteObjects: 0.030800 ms)

AssetImportParameters requested are different than current active one (requested -> active):
  custom:framework-win-MediaFoundation: 216162199b28c13a410421893ffa2e32 -> 
  custom:video-decoder-ogg-theora: a1e56fd34408186e4bbccfd4996cb3dc -> 
  custom:container-muxer-webm: aa71ff27fc2769a1b78a27578f13a17b -> 
  custom:container-demuxer-webm: 4f35f7cbe854078d1ac9338744f61a02 -> 
  custom:container-demuxer-ogg: 62fdf1f143b41e24485cea50d1cbac27 -> 
  custom:video-encoder-webm-vp8: eb34c28f22e8b96e1ab97ce403110664 -> 
  custom:video-codec-MediaFoundation-h265: 746d11721c4dcdbdad8f713fa42b33f4 -> 
  custom:video-decoder-webm-vp8: 9c59270c3fd7afecdb556c50c9e8de78 -> 
  custom:audio-decoder-ogg-vorbis: bf7c407c2cedff20999df2af8eb42d56 -> 
  custom:audio-encoder-webm-vorbis: bf7c407c2cedff20999df2af8eb42d56 -> 
========================================================================
Received Import Request.
  Time since last request: 891.954166 seconds.
  path: Assets/Script/StatusUIManager.cs
  artifactKey: Guid(96faa40e48c6eba498043436e66a41ae) Importer(815301076,1909f56bfc062723c751e8b465ee728b)
Start importing Assets/Script/StatusUIManager.cs using Guid(96faa40e48c6eba498043436e66a41ae) Importer(815301076,1909f56bfc062723c751e8b465ee728b)  -> (artifact id: '09947592c300e37b7aa06706446f223b') in 0.009198 seconds 
  Import took 0.013812 seconds .

========================================================================
Received Prepare
Registering precompiled user dll's ...
Registered in 0.015795 seconds.
Begin MonoManager ReloadAssembly
Native extension for WindowsStandalone target not found
Refreshing native plugins compatible for Editor in 0.52 ms, found 2 plugins.
Preloading 0 native plugins for Editor in 0.00 ms.
Mono: successfully reloaded assembly
- Completed reload, in  1.889 seconds
Domain Reload Profiling:
	ReloadAssembly (1890ms)
		BeginReloadAssembly (226ms)
			ExecutionOrderSort (0ms)
			DisableScriptedObjects (8ms)
			BackupInstance (0ms)
			ReleaseScriptingObjects (0ms)
			CreateAndSetChildDomain (66ms)
		EndReloadAssembly (1510ms)
			LoadAssemblies (187ms)
			RebuildTransferFunctionScriptingTraits (0ms)
			SetupTypeCache (522ms)
			ReleaseScriptCaches (1ms)
			RebuildScriptCaches (79ms)
			SetupLoadedEditorAssemblies (553ms)
				LogAssemblyErrors (0ms)
				InitializePlatformSupportModulesInManaged (9ms)
				SetLoadedEditorAssemblies (1ms)
				RefreshPlugins (1ms)
				BeforeProcessingInitializeOnLoad (166ms)
				ProcessInitializeOnLoadAttributes (339ms)
				ProcessInitializeOnLoadMethodAttributes (19ms)
				AfterProcessingInitializeOnLoad (18ms)
				EditorAssembliesLoaded (0ms)
			ExecutionOrderSort2 (0ms)
			AwakeInstancesAfterBackupRestoration (16ms)
Platform modules already initialized, skipping
Refreshing native plugins compatible for Editor in 0.52 ms, found 2 plugins.
Preloading 0 native plugins for Editor in 0.00 ms.
Unloading 1543 Unused Serialized files (Serialized files now loaded: 0)
System memory in use before: 73.6 MB.
System memory in use after: 73.7 MB.

Unloading 16 unused Assets to reduce memory usage. Loaded Objects now: 2044.
Total: 5.280700 ms (FindLiveObjects: 0.226500 ms CreateObjectMapping: 0.098900 ms MarkObjects: 4.928000 ms  DeleteObjects: 0.025700 ms)

AssetImportParameters requested are different than current active one (requested -> active):
  custom:framework-win-MediaFoundation: 216162199b28c13a410421893ffa2e32 -> 
  custom:video-decoder-ogg-theora: a1e56fd34408186e4bbccfd4996cb3dc -> 
  custom:container-muxer-webm: aa71ff27fc2769a1b78a27578f13a17b -> 
  custom:container-demuxer-webm: 4f35f7cbe854078d1ac9338744f61a02 -> 
  custom:container-demuxer-ogg: 62fdf1f143b41e24485cea50d1cbac27 -> 
  custom:video-encoder-webm-vp8: eb34c28f22e8b96e1ab97ce403110664 -> 
  custom:video-codec-MediaFoundation-h265: 746d11721c4dcdbdad8f713fa42b33f4 -> 
  custom:video-decoder-webm-vp8: 9c59270c3fd7afecdb556c50c9e8de78 -> 
  custom:audio-decoder-ogg-vorbis: bf7c407c2cedff20999df2af8eb42d56 -> 
  custom:audio-encoder-webm-vorbis: bf7c407c2cedff20999df2af8eb42d56 -> 
========================================================================
Received Import Request.
  Time since last request: 70.465839 seconds.
  path: Assets/Script/StatusUIManager.cs
  artifactKey: Guid(96faa40e48c6eba498043436e66a41ae) Importer(815301076,1909f56bfc062723c751e8b465ee728b)
Start importing Assets/Script/StatusUIManager.cs using Guid(96faa40e48c6eba498043436e66a41ae) Importer(815301076,1909f56bfc062723c751e8b465ee728b)  -> (artifact id: '632a36452fd852d95864ca528fcfe89e') in 0.007891 seconds 
  Import took 0.011870 seconds .

========================================================================
Received Prepare
Registering precompiled user dll's ...
Registered in 0.016292 seconds.
Begin MonoManager ReloadAssembly
Native extension for WindowsStandalone target not found
Refreshing native plugins compatible for Editor in 0.52 ms, found 2 plugins.
Preloading 0 native plugins for Editor in 0.00 ms.
Mono: successfully reloaded assembly
- Completed reload, in  1.811 seconds
Domain Reload Profiling:
	ReloadAssembly (1812ms)
		BeginReloadAssembly (206ms)
			ExecutionOrderSort (0ms)
			DisableScriptedObjects (9ms)
			BackupInstance (0ms)
			ReleaseScriptingObjects (0ms)
			CreateAndSetChildDomain (53ms)
		EndReloadAssembly (1476ms)
			LoadAssemblies (193ms)
			RebuildTransferFunctionScriptingTraits (0ms)
			SetupTypeCache (517ms)
			ReleaseScriptCaches (1ms)
			RebuildScriptCaches (74ms)
			SetupLoadedEditorAssemblies (526ms)
				LogAssemblyErrors (0ms)
				InitializePlatformSupportModulesInManaged (9ms)
				SetLoadedEditorAssemblies (1ms)
				RefreshPlugins (1ms)
				BeforeProcessingInitializeOnLoad (161ms)
				ProcessInitializeOnLoadAttributes (321ms)
				ProcessInitializeOnLoadMethodAttributes (16ms)
				AfterProcessingInitializeOnLoad (17ms)
				EditorAssembliesLoaded (0ms)
			ExecutionOrderSort2 (0ms)
			AwakeInstancesAfterBackupRestoration (13ms)
Platform modules already initialized, skipping
Refreshing native plugins compatible for Editor in 0.52 ms, found 2 plugins.
Preloading 0 native plugins for Editor in 0.00 ms.
Unloading 1543 Unused Serialized files (Serialized files now loaded: 0)
System memory in use before: 73.6 MB.
System memory in use after: 73.7 MB.

Unloading 16 unused Assets to reduce memory usage. Loaded Objects now: 2046.
Total: 5.489200 ms (FindLiveObjects: 0.235600 ms CreateObjectMapping: 0.082400 ms MarkObjects: 5.145000 ms  DeleteObjects: 0.024900 ms)

AssetImportParameters requested are different than current active one (requested -> active):
  custom:framework-win-MediaFoundation: 216162199b28c13a410421893ffa2e32 -> 
  custom:video-decoder-ogg-theora: a1e56fd34408186e4bbccfd4996cb3dc -> 
  custom:container-muxer-webm: aa71ff27fc2769a1b78a27578f13a17b -> 
  custom:container-demuxer-webm: 4f35f7cbe854078d1ac9338744f61a02 -> 
  custom:container-demuxer-ogg: 62fdf1f143b41e24485cea50d1cbac27 -> 
  custom:video-encoder-webm-vp8: eb34c28f22e8b96e1ab97ce403110664 -> 
  custom:video-codec-MediaFoundation-h265: 746d11721c4dcdbdad8f713fa42b33f4 -> 
  custom:video-decoder-webm-vp8: 9c59270c3fd7afecdb556c50c9e8de78 -> 
  custom:audio-decoder-ogg-vorbis: bf7c407c2cedff20999df2af8eb42d56 -> 
  custom:audio-encoder-webm-vorbis: bf7c407c2cedff20999df2af8eb42d56 -> 
========================================================================
Received Prepare
Registering precompiled user dll's ...
Registered in 0.016987 seconds.
Begin MonoManager ReloadAssembly
Native extension for WindowsStandalone target not found
Refreshing native plugins compatible for Editor in 1.01 ms, found 2 plugins.
Preloading 0 native plugins for Editor in 0.00 ms.
Mono: successfully reloaded assembly
- Completed reload, in  2.372 seconds
Domain Reload Profiling:
	ReloadAssembly (2373ms)
		BeginReloadAssembly (314ms)
			ExecutionOrderSort (0ms)
			DisableScriptedObjects (8ms)
			BackupInstance (0ms)
			ReleaseScriptingObjects (0ms)
			CreateAndSetChildDomain (69ms)
		EndReloadAssembly (1848ms)
			LoadAssemblies (298ms)
			RebuildTransferFunctionScriptingTraits (0ms)
			SetupTypeCache (599ms)
			ReleaseScriptCaches (1ms)
			RebuildScriptCaches (75ms)
			SetupLoadedEditorAssemblies (744ms)
				LogAssemblyErrors (0ms)
				InitializePlatformSupportModulesInManaged (46ms)
				SetLoadedEditorAssemblies (1ms)
				RefreshPlugins (1ms)
				BeforeProcessingInitializeOnLoad (245ms)
				ProcessInitializeOnLoadAttributes (406ms)
				ProcessInitializeOnLoadMethodAttributes (22ms)
				AfterProcessingInitializeOnLoad (22ms)
				EditorAssembliesLoaded (1ms)
			ExecutionOrderSort2 (0ms)
			AwakeInstancesAfterBackupRestoration (20ms)
Platform modules already initialized, skipping
Refreshing native plugins compatible for Editor in 0.54 ms, found 2 plugins.
Preloading 0 native plugins for Editor in 0.00 ms.
Unloading 1543 Unused Serialized files (Serialized files now loaded: 0)
System memory in use before: 73.6 MB.
System memory in use after: 73.7 MB.

Unloading 16 unused Assets to reduce memory usage. Loaded Objects now: 2048.
Total: 5.334500 ms (FindLiveObjects: 0.355300 ms CreateObjectMapping: 0.131300 ms MarkObjects: 4.817900 ms  DeleteObjects: 0.028100 ms)

AssetImportParameters requested are different than current active one (requested -> active):
  custom:framework-win-MediaFoundation: 216162199b28c13a410421893ffa2e32 -> 
  custom:video-decoder-ogg-theora: a1e56fd34408186e4bbccfd4996cb3dc -> 
  custom:container-muxer-webm: aa71ff27fc2769a1b78a27578f13a17b -> 
  custom:container-demuxer-webm: 4f35f7cbe854078d1ac9338744f61a02 -> 
  custom:container-demuxer-ogg: 62fdf1f143b41e24485cea50d1cbac27 -> 
  custom:video-encoder-webm-vp8: eb34c28f22e8b96e1ab97ce403110664 -> 
  custom:video-codec-MediaFoundation-h265: 746d11721c4dcdbdad8f713fa42b33f4 -> 
  custom:video-decoder-webm-vp8: 9c59270c3fd7afecdb556c50c9e8de78 -> 
  custom:audio-decoder-ogg-vorbis: bf7c407c2cedff20999df2af8eb42d56 -> 
  custom:audio-encoder-webm-vorbis: bf7c407c2cedff20999df2af8eb42d56 -> 
========================================================================
Received Prepare
Registering precompiled user dll's ...
Registered in 0.019201 seconds.
Begin MonoManager ReloadAssembly
Native extension for WindowsStandalone target not found
Refreshing native plugins compatible for Editor in 0.53 ms, found 2 plugins.
Preloading 0 native plugins for Editor in 0.00 ms.
Mono: successfully reloaded assembly
- Completed reload, in  1.922 seconds
Domain Reload Profiling:
	ReloadAssembly (1923ms)
		BeginReloadAssembly (253ms)
			ExecutionOrderSort (0ms)
			DisableScriptedObjects (8ms)
			BackupInstance (0ms)
			ReleaseScriptingObjects (0ms)
			CreateAndSetChildDomain (59ms)
		EndReloadAssembly (1530ms)
			LoadAssemblies (228ms)
			RebuildTransferFunctionScriptingTraits (0ms)
			SetupTypeCache (520ms)
			ReleaseScriptCaches (1ms)
			RebuildScriptCaches (70ms)
			SetupLoadedEditorAssemblies (548ms)
				LogAssemblyErrors (0ms)
				InitializePlatformSupportModulesInManaged (10ms)
				SetLoadedEditorAssemblies (1ms)
				RefreshPlugins (1ms)
				BeforeProcessingInitializeOnLoad (163ms)
				ProcessInitializeOnLoadAttributes (339ms)
				ProcessInitializeOnLoadMethodAttributes (16ms)
				AfterProcessingInitializeOnLoad (17ms)
				EditorAssembliesLoaded (0ms)
			ExecutionOrderSort2 (0ms)
			AwakeInstancesAfterBackupRestoration (16ms)
Platform modules already initialized, skipping
Refreshing native plugins compatible for Editor in 0.57 ms, found 2 plugins.
Preloading 0 native plugins for Editor in 0.00 ms.
Unloading 1543 Unused Serialized files (Serialized files now loaded: 0)
System memory in use before: 73.6 MB.
System memory in use after: 73.7 MB.

Unloading 16 unused Assets to reduce memory usage. Loaded Objects now: 2050.
Total: 5.624900 ms (FindLiveObjects: 0.253600 ms CreateObjectMapping: 0.091800 ms MarkObjects: 5.248700 ms  DeleteObjects: 0.028700 ms)

AssetImportParameters requested are different than current active one (requested -> active):
  custom:framework-win-MediaFoundation: 216162199b28c13a410421893ffa2e32 -> 
  custom:video-decoder-ogg-theora: a1e56fd34408186e4bbccfd4996cb3dc -> 
  custom:container-muxer-webm: aa71ff27fc2769a1b78a27578f13a17b -> 
  custom:container-demuxer-webm: 4f35f7cbe854078d1ac9338744f61a02 -> 
  custom:container-demuxer-ogg: 62fdf1f143b41e24485cea50d1cbac27 -> 
  custom:video-encoder-webm-vp8: eb34c28f22e8b96e1ab97ce403110664 -> 
  custom:video-codec-MediaFoundation-h265: 746d11721c4dcdbdad8f713fa42b33f4 -> 
  custom:video-decoder-webm-vp8: 9c59270c3fd7afecdb556c50c9e8de78 -> 
  custom:audio-decoder-ogg-vorbis: bf7c407c2cedff20999df2af8eb42d56 -> 
  custom:audio-encoder-webm-vorbis: bf7c407c2cedff20999df2af8eb42d56 -> 
========================================================================
Received Prepare
Registering precompiled user dll's ...
Registered in 0.016424 seconds.
Begin MonoManager ReloadAssembly
Native extension for WindowsStandalone target not found
Refreshing native plugins compatible for Editor in 0.56 ms, found 2 plugins.
Preloading 0 native plugins for Editor in 0.00 ms.
Mono: successfully reloaded assembly
- Completed reload, in  1.956 seconds
Domain Reload Profiling:
	ReloadAssembly (1957ms)
		BeginReloadAssembly (239ms)
			ExecutionOrderSort (0ms)
			DisableScriptedObjects (9ms)
			BackupInstance (0ms)
			ReleaseScriptingObjects (0ms)
			CreateAndSetChildDomain (63ms)
		EndReloadAssembly (1557ms)
			LoadAssemblies (208ms)
			RebuildTransferFunctionScriptingTraits (0ms)
			SetupTypeCache (537ms)
			ReleaseScriptCaches (1ms)
			RebuildScriptCaches (71ms)
			SetupLoadedEditorAssemblies (558ms)
				LogAssemblyErrors (0ms)
				InitializePlatformSupportModulesInManaged (10ms)
				SetLoadedEditorAssemblies (1ms)
				RefreshPlugins (1ms)
				BeforeProcessingInitializeOnLoad (168ms)
				ProcessInitializeOnLoadAttributes (342ms)
				ProcessInitializeOnLoadMethodAttributes (18ms)
				AfterProcessingInitializeOnLoad (18ms)
				EditorAssembliesLoaded (0ms)
			ExecutionOrderSort2 (0ms)
			AwakeInstancesAfterBackupRestoration (13ms)
Platform modules already initialized, skipping
Refreshing native plugins compatible for Editor in 0.85 ms, found 2 plugins.
Preloading 0 native plugins for Editor in 0.00 ms.
Unloading 1543 Unused Serialized files (Serialized files now loaded: 0)
System memory in use before: 73.6 MB.
System memory in use after: 73.7 MB.

Unloading 16 unused Assets to reduce memory usage. Loaded Objects now: 2052.
Total: 5.202400 ms (FindLiveObjects: 0.236800 ms CreateObjectMapping: 0.078800 ms MarkObjects: 4.857800 ms  DeleteObjects: 0.027200 ms)

AssetImportParameters requested are different than current active one (requested -> active):
  custom:framework-win-MediaFoundation: 216162199b28c13a410421893ffa2e32 -> 
  custom:video-decoder-ogg-theora: a1e56fd34408186e4bbccfd4996cb3dc -> 
  custom:container-muxer-webm: aa71ff27fc2769a1b78a27578f13a17b -> 
  custom:container-demuxer-webm: 4f35f7cbe854078d1ac9338744f61a02 -> 
  custom:container-demuxer-ogg: 62fdf1f143b41e24485cea50d1cbac27 -> 
  custom:video-encoder-webm-vp8: eb34c28f22e8b96e1ab97ce403110664 -> 
  custom:video-codec-MediaFoundation-h265: 746d11721c4dcdbdad8f713fa42b33f4 -> 
  custom:video-decoder-webm-vp8: 9c59270c3fd7afecdb556c50c9e8de78 -> 
  custom:audio-decoder-ogg-vorbis: bf7c407c2cedff20999df2af8eb42d56 -> 
  custom:audio-encoder-webm-vorbis: bf7c407c2cedff20999df2af8eb42d56 -> 
========================================================================
Received Prepare
Registering precompiled user dll's ...
Registered in 0.016229 seconds.
Begin MonoManager ReloadAssembly
Native extension for WindowsStandalone target not found
Refreshing native plugins compatible for Editor in 0.60 ms, found 2 plugins.
Preloading 0 native plugins for Editor in 0.00 ms.
Mono: successfully reloaded assembly
- Completed reload, in  2.117 seconds
Domain Reload Profiling:
	ReloadAssembly (2118ms)
		BeginReloadAssembly (208ms)
			ExecutionOrderSort (0ms)
			DisableScriptedObjects (9ms)
			BackupInstance (0ms)
			ReleaseScriptingObjects (0ms)
			CreateAndSetChildDomain (55ms)
		EndReloadAssembly (1750ms)
			LoadAssemblies (208ms)
			RebuildTransferFunctionScriptingTraits (0ms)
			SetupTypeCache (732ms)
			ReleaseScriptCaches (1ms)
			RebuildScriptCaches (70ms)
			SetupLoadedEditorAssemblies (564ms)
				LogAssemblyErrors (0ms)
				InitializePlatformSupportModulesInManaged (9ms)
				SetLoadedEditorAssemblies (1ms)
				RefreshPlugins (1ms)
				BeforeProcessingInitializeOnLoad (171ms)
				ProcessInitializeOnLoadAttributes (347ms)
				ProcessInitializeOnLoadMethodAttributes (16ms)
				AfterProcessingInitializeOnLoad (18ms)
				EditorAssembliesLoaded (0ms)
			ExecutionOrderSort2 (0ms)
			AwakeInstancesAfterBackupRestoration (12ms)
Platform modules already initialized, skipping
Refreshing native plugins compatible for Editor in 0.54 ms, found 2 plugins.
Preloading 0 native plugins for Editor in 0.00 ms.
Unloading 1543 Unused Serialized files (Serialized files now loaded: 0)
System memory in use before: 73.6 MB.
System memory in use after: 73.7 MB.

Unloading 16 unused Assets to reduce memory usage. Loaded Objects now: 2054.
Total: 9.065700 ms (FindLiveObjects: 0.245200 ms CreateObjectMapping: 0.079800 ms MarkObjects: 8.705400 ms  DeleteObjects: 0.033800 ms)

AssetImportParameters requested are different than current active one (requested -> active):
  custom:framework-win-MediaFoundation: 216162199b28c13a410421893ffa2e32 -> 
  custom:video-decoder-ogg-theora: a1e56fd34408186e4bbccfd4996cb3dc -> 
  custom:container-muxer-webm: aa71ff27fc2769a1b78a27578f13a17b -> 
  custom:container-demuxer-webm: 4f35f7cbe854078d1ac9338744f61a02 -> 
  custom:container-demuxer-ogg: 62fdf1f143b41e24485cea50d1cbac27 -> 
  custom:video-encoder-webm-vp8: eb34c28f22e8b96e1ab97ce403110664 -> 
  custom:video-codec-MediaFoundation-h265: 746d11721c4dcdbdad8f713fa42b33f4 -> 
  custom:video-decoder-webm-vp8: 9c59270c3fd7afecdb556c50c9e8de78 -> 
  custom:audio-decoder-ogg-vorbis: bf7c407c2cedff20999df2af8eb42d56 -> 
  custom:audio-encoder-webm-vorbis: bf7c407c2cedff20999df2af8eb42d56 -> 
AssetImportWorkerClient::OnTransportError - code=2 error=End of file
